Copyright 1986-2018 Xilinx, Inc. All Rights Reserved.
--------------------------------------------------------------------------------------------------------------------------------------------------------------------
| Tool Version : Vivado v.2018.3 (win64) Build 2405991 Thu Dec  6 23:38:27 MST 2018
| Date         : Tue Nov 23 14:46:11 2021
| Host         : U230637 running 64-bit major release  (build 9200)
| Command      : report_methodology -file ALU_N_Bits_methodology_drc_routed.rpt -pb ALU_N_Bits_methodology_drc_routed.pb -rpx ALU_N_Bits_methodology_drc_routed.rpx
| Design       : ALU_N_Bits
| Device       : xc7z020clg484-1
| Speed File   : -1
| Design State : Fully Routed
--------------------------------------------------------------------------------------------------------------------------------------------------------------------

Report Methodology

Table of Contents
-----------------
1. REPORT SUMMARY
2. REPORT DETAILS

1. REPORT SUMMARY
-----------------
            Netlist: netlist
          Floorplan: design_1
      Design limits: <entire design considered>
             Max violations: <unlimited>
             Violations found: 4
+-----------+----------+-------------------+------------+
| Rule      | Severity | Description       | Violations |
+-----------+----------+-------------------+------------+
| TIMING-20 | Warning  | Non-clocked latch | 4          |
+-----------+----------+-------------------+------------+

2. REPORT DETAILS
-----------------
TIMING-20#1 Warning
Non-clocked latch  
The latch ALUs[3].otherUnitsI.UI/cout_reg/L7 (in ALUs[3].otherUnitsI.UI/cout_reg macro) cannot be properly analyzed as its control pin ALUs[3].otherUnitsI.UI/cout_reg/L7/G is not reached by a timing clock
Related violations: <none>

TIMING-20#2 Warning
Non-clocked latch  
The latch ALUs[4].otherUnitsI.UI/cout_reg/L7 (in ALUs[4].otherUnitsI.UI/cout_reg macro) cannot be properly analyzed as its control pin ALUs[4].otherUnitsI.UI/cout_reg/L7/G is not reached by a timing clock
Related violations: <none>

TIMING-20#3 Warning
Non-clocked latch  
The latch ALUs[5].otherUnitsI.UI/cout_reg/L7 (in ALUs[5].otherUnitsI.UI/cout_reg macro) cannot be properly analyzed as its control pin ALUs[5].otherUnitsI.UI/cout_reg/L7/G is not reached by a timing clock
Related violations: <none>

TIMING-20#4 Warning
Non-clocked latch  
The latch ALUs[6].otherUnitsI.UI/cout_reg/L7 (in ALUs[6].otherUnitsI.UI/cout_reg macro) cannot be properly analyzed as its control pin ALUs[6].otherUnitsI.UI/cout_reg/L7/G is not reached by a timing clock
Related violations: <none>


