
*** Running vivado
    with args -log ALU_N_Bits.vdi -applog -m64 -product Vivado -messageDb vivado.pb -mode batch -source ALU_N_Bits.tcl -notrace


****** Vivado v2018.3 (64-bit)
  **** SW Build 2405991 on Thu Dec  6 23:38:27 MST 2018
  **** IP Build 2404404 on Fri Dec  7 01:43:56 MST 2018
    ** Copyright 1986-2018 Xilinx, Inc. All Rights Reserved.

source ALU_N_Bits.tcl -notrace
Command: link_design -top ALU_N_Bits -part xc7z020clg484-1
Design is defaulting to srcset: sources_1
Design is defaulting to constrset: constrs_1
INFO: [Netlist 29-17] Analyzing 4 Unisim elements for replacement
INFO: [Netlist 29-28] Unisim Transformation completed in 0 CPU seconds
INFO: [Project 1-479] Netlist was created with Vivado 2018.3
INFO: [Device 21-403] Loading part xc7z020clg484-1
INFO: [Project 1-570] Preparing netlist for logic optimization
Parsing XDC File [C:/Users/Docencia/Desktop/Reyes-Nieves/VHDL-ALU/project_1.srcs/constrs_1/port_map.xdc]
WARNING: [Vivado 12-584] No ports matched '[get_ports -of_objects [get_iobanks 13]]'. [C:/Users/Docencia/Desktop/Reyes-Nieves/VHDL-ALU/project_1.srcs/constrs_1/port_map.xdc:80]
CRITICAL WARNING: [Common 17-55] 'set_property' expects at least one object. [C:/Users/Docencia/Desktop/Reyes-Nieves/VHDL-ALU/project_1.srcs/constrs_1/port_map.xdc:80]
Resolution: If [get_<value>] was used to populate the object, check to make sure this command returns at least one valid object.
Finished Parsing XDC File [C:/Users/Docencia/Desktop/Reyes-Nieves/VHDL-ALU/project_1.srcs/constrs_1/port_map.xdc]
INFO: [Opt 31-138] Pushed 0 inverter(s) to 0 load pin(s).
Netlist sorting complete. Time (s): cpu = 00:00:00 ; elapsed = 00:00:00 . Memory (MB): peak = 586.910 ; gain = 0.000
INFO: [Project 1-111] Unisim Transformation Summary:
  A total of 4 instances were transformed.
  LDCP => LDCP (GND, LUT3, LUT3, LDCE, VCC): 4 instances

7 Infos, 1 Warnings, 1 Critical Warnings and 0 Errors encountered.
link_design completed successfully
link_design: Time (s): cpu = 00:00:05 ; elapsed = 00:00:13 . Memory (MB): peak = 586.910 ; gain = 338.516
Command: opt_design
Attempting to get a license for feature 'Implementation' and/or device 'xc7z020'
INFO: [Common 17-349] Got license for feature 'Implementation' and/or device 'xc7z020'
Running DRC as a precondition to command opt_design

Starting DRC Task
INFO: [DRC 23-27] Running DRC with 2 threads
INFO: [Project 1-461] DRC finished with 0 Errors
INFO: [Project 1-462] Please refer to the DRC report (report_drc) for more information.

Time (s): cpu = 00:00:01 ; elapsed = 00:00:00.489 . Memory (MB): peak = 601.445 ; gain = 14.535

Starting Cache Timing Information Task
INFO: [Timing 38-35] Done setting XDC timing constraints.
Ending Cache Timing Information Task | Checksum: 2083b8908

Time (s): cpu = 00:00:07 ; elapsed = 00:00:08 . Memory (MB): peak = 1139.082 ; gain = 537.637

Starting Logic Optimization Task

Phase 1 Retarget
INFO: [Opt 31-138] Pushed 0 inverter(s) to 0 load pin(s).
INFO: [Opt 31-49] Retargeted 0 cell(s).
Phase 1 Retarget | Checksum: 2083b8908

Time (s): cpu = 00:00:00 ; elapsed = 00:00:00.009 . Memory (MB): peak = 1234.590 ; gain = 0.000
INFO: [Opt 31-389] Phase Retarget created 0 cells and removed 0 cells

Phase 2 Constant propagation
INFO: [Opt 31-138] Pushed 0 inverter(s) to 0 load pin(s).
Phase 2 Constant propagation | Checksum: 2083b8908

Time (s): cpu = 00:00:00 ; elapsed = 00:00:00.009 . Memory (MB): peak = 1234.590 ; gain = 0.000
INFO: [Opt 31-389] Phase Constant propagation created 0 cells and removed 0 cells

Phase 3 Sweep
Phase 3 Sweep | Checksum: 2083b8908

Time (s): cpu = 00:00:00 ; elapsed = 00:00:00.011 . Memory (MB): peak = 1234.590 ; gain = 0.000
INFO: [Opt 31-389] Phase Sweep created 0 cells and removed 0 cells

Phase 4 BUFG optimization
Phase 4 BUFG optimization | Checksum: 2083b8908

Time (s): cpu = 00:00:00 ; elapsed = 00:00:00.013 . Memory (MB): peak = 1234.590 ; gain = 0.000
INFO: [Opt 31-662] Phase BUFG optimization created 0 cells of which 0 are BUFGs and removed 0 cells.

Phase 5 Shift Register Optimization
Phase 5 Shift Register Optimization | Checksum: 2083b8908

Time (s): cpu = 00:00:00 ; elapsed = 00:00:00.027 . Memory (MB): peak = 1234.590 ; gain = 0.000
INFO: [Opt 31-389] Phase Shift Register Optimization created 0 cells and removed 0 cells

Phase 6 Post Processing Netlist
Phase 6 Post Processing Netlist | Checksum: 2083b8908

Time (s): cpu = 00:00:00 ; elapsed = 00:00:00.027 . Memory (MB): peak = 1234.590 ; gain = 0.000
INFO: [Opt 31-389] Phase Post Processing Netlist created 0 cells and removed 0 cells
Opt_design Change Summary
=========================


-------------------------------------------------------------------------------------------------------------------------
|  Phase                        |  #Cells created  |  #Cells Removed  |  #Constrained objects preventing optimizations  |
-------------------------------------------------------------------------------------------------------------------------
|  Retarget                     |               0  |               0  |                                              0  |
|  Constant propagation         |               0  |               0  |                                              0  |
|  Sweep                        |               0  |               0  |                                              0  |
|  BUFG optimization            |               0  |               0  |                                              0  |
|  Shift Register Optimization  |               0  |               0  |                                              0  |
|  Post Processing Netlist      |               0  |               0  |                                              0  |
-------------------------------------------------------------------------------------------------------------------------



Starting Connectivity Check Task

Time (s): cpu = 00:00:00 ; elapsed = 00:00:00.001 . Memory (MB): peak = 1234.590 ; gain = 0.000
Ending Logic Optimization Task | Checksum: 2083b8908

Time (s): cpu = 00:00:00 ; elapsed = 00:00:00.029 . Memory (MB): peak = 1234.590 ; gain = 0.000

Starting Power Optimization Task
INFO: [Pwropt 34-132] Skipping clock gating for clocks with a period < 2.00 ns.
Ending Power Optimization Task | Checksum: 2083b8908

Time (s): cpu = 00:00:00 ; elapsed = 00:00:00.006 . Memory (MB): peak = 1234.590 ; gain = 0.000

Starting Final Cleanup Task
Ending Final Cleanup Task | Checksum: 2083b8908

Time (s): cpu = 00:00:00 ; elapsed = 00:00:00 . Memory (MB): peak = 1234.590 ; gain = 0.000

Starting Netlist Obfuscation Task
Netlist sorting complete. Time (s): cpu = 00:00:00 ; elapsed = 00:00:00 . Memory (MB): peak = 1234.590 ; gain = 0.000
Ending Netlist Obfuscation Task | Checksum: 2083b8908

Time (s): cpu = 00:00:00 ; elapsed = 00:00:00 . Memory (MB): peak = 1234.590 ; gain = 0.000
INFO: [Common 17-83] Releasing license: Implementation
23 Infos, 1 Warnings, 1 Critical Warnings and 0 Errors encountered.
opt_design completed successfully
opt_design: Time (s): cpu = 00:00:09 ; elapsed = 00:00:09 . Memory (MB): peak = 1234.590 ; gain = 647.680
Netlist sorting complete. Time (s): cpu = 00:00:00 ; elapsed = 00:00:00 . Memory (MB): peak = 1234.590 ; gain = 0.000
INFO: [Timing 38-480] Writing timing data to binary archive.
Writing placer database...
Writing XDEF routing.
Writing XDEF routing logical nets.
Writing XDEF routing special nets.
Write XDEF Complete: Time (s): cpu = 00:00:00 ; elapsed = 00:00:00.041 . Memory (MB): peak = 1234.590 ; gain = 0.000
Netlist sorting complete. Time (s): cpu = 00:00:00 ; elapsed = 00:00:00 . Memory (MB): peak = 1234.590 ; gain = 0.000
INFO: [Common 17-1381] The checkpoint 'C:/Users/Docencia/Desktop/Reyes-Nieves/VHDL-ALU/project_1.runs/impl_2/ALU_N_Bits_opt.dcp' has been generated.
INFO: [runtcl-4] Executing : report_drc -file ALU_N_Bits_drc_opted.rpt -pb ALU_N_Bits_drc_opted.pb -rpx ALU_N_Bits_drc_opted.rpx
Command: report_drc -file ALU_N_Bits_drc_opted.rpt -pb ALU_N_Bits_drc_opted.pb -rpx ALU_N_Bits_drc_opted.rpx
INFO: [IP_Flow 19-234] Refreshing IP repositories
INFO: [IP_Flow 19-1704] No user IP repositories specified
INFO: [IP_Flow 19-2313] Loaded Vivado IP repository 'C:/Xilinx/Vivado/2018.3/data/ip'.
INFO: [DRC 23-27] Running DRC with 2 threads
INFO: [Coretcl 2-168] The results of DRC are in file C:/Users/Docencia/Desktop/Reyes-Nieves/VHDL-ALU/project_1.runs/impl_2/ALU_N_Bits_drc_opted.rpt.
report_drc completed successfully
Command: place_design
Attempting to get a license for feature 'Implementation' and/or device 'xc7z020'
INFO: [Common 17-349] Got license for feature 'Implementation' and/or device 'xc7z020'
INFO: [DRC 23-27] Running DRC with 2 threads
INFO: [Vivado_Tcl 4-198] DRC finished with 0 Errors
INFO: [Vivado_Tcl 4-199] Please refer to the DRC report (report_drc) for more information.
Running DRC as a precondition to command place_design
INFO: [DRC 23-27] Running DRC with 2 threads
INFO: [Vivado_Tcl 4-198] DRC finished with 0 Errors
INFO: [Vivado_Tcl 4-199] Please refer to the DRC report (report_drc) for more information.

Starting Placer Task
INFO: [Place 30-611] Multithreading enabled for place_design using a maximum of 2 CPUs

Phase 1 Placer Initialization

Phase 1.1 Placer Initialization Netlist Sorting
Netlist sorting complete. Time (s): cpu = 00:00:00 ; elapsed = 00:00:00 . Memory (MB): peak = 1234.590 ; gain = 0.000
Phase 1.1 Placer Initialization Netlist Sorting | Checksum: 16a0f1dc0

Time (s): cpu = 00:00:00 ; elapsed = 00:00:00.003 . Memory (MB): peak = 1234.590 ; gain = 0.000
Netlist sorting complete. Time (s): cpu = 00:00:00 ; elapsed = 00:00:00 . Memory (MB): peak = 1234.590 ; gain = 0.000

Phase 1.2 IO Placement/ Clock Placement/ Build Placer Device
INFO: [Timing 38-35] Done setting XDC timing constraints.
Phase 1.2 IO Placement/ Clock Placement/ Build Placer Device | Checksum: 16a0f1dc0

Time (s): cpu = 00:00:01 ; elapsed = 00:00:00.488 . Memory (MB): peak = 1248.961 ; gain = 14.371

Phase 1.3 Build Placer Netlist Model
Phase 1.3 Build Placer Netlist Model | Checksum: 1d3a04942

Time (s): cpu = 00:00:01 ; elapsed = 00:00:00.500 . Memory (MB): peak = 1248.961 ; gain = 14.371

Phase 1.4 Constrain Clocks/Macros
Phase 1.4 Constrain Clocks/Macros | Checksum: 1d3a04942

Time (s): cpu = 00:00:01 ; elapsed = 00:00:00.502 . Memory (MB): peak = 1248.961 ; gain = 14.371
Phase 1 Placer Initialization | Checksum: 1d3a04942

Time (s): cpu = 00:00:01 ; elapsed = 00:00:00.503 . Memory (MB): peak = 1248.961 ; gain = 14.371

Phase 2 Global Placement

Phase 2.1 Floorplanning
Phase 2.1 Floorplanning | Checksum: 1d3a04942

Time (s): cpu = 00:00:01 ; elapsed = 00:00:00.506 . Memory (MB): peak = 1248.961 ; gain = 14.371
WARNING: [Place 46-29] place_design is not in timing mode. Skip physical synthesis in placer
Phase 2 Global Placement | Checksum: 1c4aab10f

Time (s): cpu = 00:00:01 ; elapsed = 00:00:00.715 . Memory (MB): peak = 1253.613 ; gain = 19.023

Phase 3 Detail Placement

Phase 3.1 Commit Multi Column Macros
Phase 3.1 Commit Multi Column Macros | Checksum: 1c4aab10f

Time (s): cpu = 00:00:01 ; elapsed = 00:00:00.718 . Memory (MB): peak = 1253.613 ; gain = 19.023

Phase 3.2 Commit Most Macros & LUTRAMs
Phase 3.2 Commit Most Macros & LUTRAMs | Checksum: 193b7da72

Time (s): cpu = 00:00:01 ; elapsed = 00:00:00.722 . Memory (MB): peak = 1253.613 ; gain = 19.023

Phase 3.3 Area Swap Optimization
Phase 3.3 Area Swap Optimization | Checksum: 1ad9ef63f

Time (s): cpu = 00:00:01 ; elapsed = 00:00:00.730 . Memory (MB): peak = 1253.613 ; gain = 19.023

Phase 3.4 Pipeline Register Optimization
Phase 3.4 Pipeline Register Optimization | Checksum: 1ad9ef63f

Time (s): cpu = 00:00:01 ; elapsed = 00:00:00.731 . Memory (MB): peak = 1253.613 ; gain = 19.023

Phase 3.5 Small Shape Detail Placement
Phase 3.5 Small Shape Detail Placement | Checksum: 200cf71e2

Time (s): cpu = 00:00:02 ; elapsed = 00:00:00.858 . Memory (MB): peak = 1259.598 ; gain = 25.008

Phase 3.6 Re-assign LUT pins
Phase 3.6 Re-assign LUT pins | Checksum: 200cf71e2

Time (s): cpu = 00:00:02 ; elapsed = 00:00:00.862 . Memory (MB): peak = 1259.598 ; gain = 25.008

Phase 3.7 Pipeline Register Optimization
Phase 3.7 Pipeline Register Optimization | Checksum: 200cf71e2

Time (s): cpu = 00:00:02 ; elapsed = 00:00:00.862 . Memory (MB): peak = 1259.598 ; gain = 25.008
Phase 3 Detail Placement | Checksum: 200cf71e2

Time (s): cpu = 00:00:02 ; elapsed = 00:00:00.863 . Memory (MB): peak = 1259.598 ; gain = 25.008

Phase 4 Post Placement Optimization and Clean-Up

Phase 4.1 Post Commit Optimization
Phase 4.1 Post Commit Optimization | Checksum: 200cf71e2

Time (s): cpu = 00:00:02 ; elapsed = 00:00:00.865 . Memory (MB): peak = 1259.598 ; gain = 25.008

Phase 4.2 Post Placement Cleanup
Phase 4.2 Post Placement Cleanup | Checksum: 200cf71e2

Time (s): cpu = 00:00:02 ; elapsed = 00:00:00.867 . Memory (MB): peak = 1259.598 ; gain = 25.008

Phase 4.3 Placer Reporting
Phase 4.3 Placer Reporting | Checksum: 200cf71e2

Time (s): cpu = 00:00:02 ; elapsed = 00:00:00.868 . Memory (MB): peak = 1259.598 ; gain = 25.008

Phase 4.4 Final Placement Cleanup
Netlist sorting complete. Time (s): cpu = 00:00:00 ; elapsed = 00:00:00 . Memory (MB): peak = 1259.598 ; gain = 0.000
Phase 4.4 Final Placement Cleanup | Checksum: 200cf71e2

Time (s): cpu = 00:00:02 ; elapsed = 00:00:00.868 . Memory (MB): peak = 1259.598 ; gain = 25.008
Phase 4 Post Placement Optimization and Clean-Up | Checksum: 200cf71e2

Time (s): cpu = 00:00:02 ; elapsed = 00:00:00.868 . Memory (MB): peak = 1259.598 ; gain = 25.008
Ending Placer Task | Checksum: 182e2366f

Time (s): cpu = 00:00:02 ; elapsed = 00:00:00.873 . Memory (MB): peak = 1259.598 ; gain = 25.008
INFO: [Common 17-83] Releasing license: Implementation
41 Infos, 2 Warnings, 1 Critical Warnings and 0 Errors encountered.
place_design completed successfully
Netlist sorting complete. Time (s): cpu = 00:00:00 ; elapsed = 00:00:00 . Memory (MB): peak = 1259.598 ; gain = 0.000
INFO: [Timing 38-480] Writing timing data to binary archive.
Writing placer database...
Writing XDEF routing.
Writing XDEF routing logical nets.
Writing XDEF routing special nets.
Write XDEF Complete: Time (s): cpu = 00:00:00 ; elapsed = 00:00:00.042 . Memory (MB): peak = 1262.547 ; gain = 2.949
Netlist sorting complete. Time (s): cpu = 00:00:00 ; elapsed = 00:00:00 . Memory (MB): peak = 1265.555 ; gain = 0.000
INFO: [Common 17-1381] The checkpoint 'C:/Users/Docencia/Desktop/Reyes-Nieves/VHDL-ALU/project_1.runs/impl_2/ALU_N_Bits_placed.dcp' has been generated.
INFO: [runtcl-4] Executing : report_io -file ALU_N_Bits_io_placed.rpt
report_io: Time (s): cpu = 00:00:00 ; elapsed = 00:00:00.048 . Memory (MB): peak = 1265.555 ; gain = 0.000
INFO: [runtcl-4] Executing : report_utilization -file ALU_N_Bits_utilization_placed.rpt -pb ALU_N_Bits_utilization_placed.pb
INFO: [runtcl-4] Executing : report_control_sets -verbose -file ALU_N_Bits_control_sets_placed.rpt
report_control_sets: Time (s): cpu = 00:00:00 ; elapsed = 00:00:00.001 . Memory (MB): peak = 1265.555 ; gain = 0.000
Command: route_design
Attempting to get a license for feature 'Implementation' and/or device 'xc7z020'
INFO: [Common 17-349] Got license for feature 'Implementation' and/or device 'xc7z020'
Running DRC as a precondition to command route_design
INFO: [DRC 23-27] Running DRC with 2 threads
INFO: [Vivado_Tcl 4-198] DRC finished with 0 Errors
INFO: [Vivado_Tcl 4-199] Please refer to the DRC report (report_drc) for more information.


Starting Routing Task
INFO: [Route 35-254] Multithreading enabled for route_design using a maximum of 2 CPUs
Checksum: PlaceDB: dcadc716 ConstDB: 0 ShapeSum: a6346f59 RouteDB: 0

Phase 1 Build RT Design
Phase 1 Build RT Design | Checksum: 17022c971

Time (s): cpu = 00:00:28 ; elapsed = 00:00:25 . Memory (MB): peak = 1410.406 ; gain = 144.852
Post Restoration Checksum: NetGraph: c27e5283 NumContArr: ada476ee Constraints: 0 Timing: 0

Phase 2 Router Initialization
INFO: [Route 35-64] No timing constraints were detected. The router will operate in resource-optimization mode.

Phase 2.1 Fix Topology Constraints
Phase 2.1 Fix Topology Constraints | Checksum: 17022c971

Time (s): cpu = 00:00:28 ; elapsed = 00:00:25 . Memory (MB): peak = 1416.621 ; gain = 151.066

Phase 2.2 Pre Route Cleanup
Phase 2.2 Pre Route Cleanup | Checksum: 17022c971

Time (s): cpu = 00:00:28 ; elapsed = 00:00:25 . Memory (MB): peak = 1416.621 ; gain = 151.066
 Number of Nodes with overlaps = 0
Phase 2 Router Initialization | Checksum: 1c81e4580

Time (s): cpu = 00:00:28 ; elapsed = 00:00:25 . Memory (MB): peak = 1420.480 ; gain = 154.926

Phase 3 Initial Routing
Phase 3 Initial Routing | Checksum: e6036cca

Time (s): cpu = 00:00:28 ; elapsed = 00:00:25 . Memory (MB): peak = 1423.301 ; gain = 157.746

Phase 4 Rip-up And Reroute

Phase 4.1 Global Iteration 0
 Number of Nodes with overlaps = 1
 Number of Nodes with overlaps = 0
Phase 4.1 Global Iteration 0 | Checksum: b9c069f8

Time (s): cpu = 00:00:28 ; elapsed = 00:00:25 . Memory (MB): peak = 1423.301 ; gain = 157.746
Phase 4 Rip-up And Reroute | Checksum: b9c069f8

Time (s): cpu = 00:00:28 ; elapsed = 00:00:25 . Memory (MB): peak = 1423.301 ; gain = 157.746

Phase 5 Delay and Skew Optimization
Phase 5 Delay and Skew Optimization | Checksum: b9c069f8

Time (s): cpu = 00:00:28 ; elapsed = 00:00:25 . Memory (MB): peak = 1423.301 ; gain = 157.746

Phase 6 Post Hold Fix

Phase 6.1 Hold Fix Iter
Phase 6.1 Hold Fix Iter | Checksum: b9c069f8

Time (s): cpu = 00:00:28 ; elapsed = 00:00:25 . Memory (MB): peak = 1423.301 ; gain = 157.746
Phase 6 Post Hold Fix | Checksum: b9c069f8

Time (s): cpu = 00:00:28 ; elapsed = 00:00:25 . Memory (MB): peak = 1423.301 ; gain = 157.746

Phase 7 Route finalize

Router Utilization Summary
  Global Vertical Routing Utilization    = 0.0324117 %
  Global Horizontal Routing Utilization  = 0.00363421 %
  Routable Net Status*
  *Does not include unroutable nets such as driverless and loadless.
  Run report_route_status for detailed report.
  Number of Failed Nets               = 0
  Number of Unrouted Nets             = 0
  Number of Partially Routed Nets     = 0
  Number of Node Overlaps             = 0

Congestion Report
North Dir 1x1 Area, Max Cong = 27.027%, No Congested Regions.
South Dir 1x1 Area, Max Cong = 16.2162%, No Congested Regions.
East Dir 1x1 Area, Max Cong = 5.88235%, No Congested Regions.
West Dir 1x1 Area, Max Cong = 2.94118%, No Congested Regions.

------------------------------
Reporting congestion hotspots
------------------------------
Direction: North
----------------
Congested clusters found at Level 0
Effective congestion level: 0 Aspect Ratio: 1 Sparse Ratio: 0
Direction: South
----------------
Congested clusters found at Level 0
Effective congestion level: 0 Aspect Ratio: 1 Sparse Ratio: 0
Direction: East
----------------
Congested clusters found at Level 0
Effective congestion level: 0 Aspect Ratio: 1 Sparse Ratio: 0
Direction: West
----------------
Congested clusters found at Level 0
Effective congestion level: 0 Aspect Ratio: 1 Sparse Ratio: 0

Phase 7 Route finalize | Checksum: b9c069f8

Time (s): cpu = 00:00:28 ; elapsed = 00:00:25 . Memory (MB): peak = 1423.301 ; gain = 157.746

Phase 8 Verifying routed nets

 Verification completed successfully
Phase 8 Verifying routed nets | Checksum: b9c069f8

Time (s): cpu = 00:00:28 ; elapsed = 00:00:25 . Memory (MB): peak = 1425.313 ; gain = 159.758

Phase 9 Depositing Routes
Phase 9 Depositing Routes | Checksum: 147cc4042

Time (s): cpu = 00:00:28 ; elapsed = 00:00:25 . Memory (MB): peak = 1425.313 ; gain = 159.758
INFO: [Route 35-16] Router Completed Successfully

Time (s): cpu = 00:00:28 ; elapsed = 00:00:25 . Memory (MB): peak = 1425.313 ; gain = 159.758

Routing Is Done.
INFO: [Common 17-83] Releasing license: Implementation
54 Infos, 2 Warnings, 1 Critical Warnings and 0 Errors encountered.
route_design completed successfully
route_design: Time (s): cpu = 00:00:29 ; elapsed = 00:00:29 . Memory (MB): peak = 1425.313 ; gain = 159.758
Netlist sorting complete. Time (s): cpu = 00:00:00 ; elapsed = 00:00:00 . Memory (MB): peak = 1425.313 ; gain = 0.000
INFO: [Timing 38-480] Writing timing data to binary archive.
Writing placer database...
Writing XDEF routing.
Writing XDEF routing logical nets.
Writing XDEF routing special nets.
Write XDEF Complete: Time (s): cpu = 00:00:00 ; elapsed = 00:00:00.043 . Memory (MB): peak = 1425.313 ; gain = 0.000
Netlist sorting complete. Time (s): cpu = 00:00:00 ; elapsed = 00:00:00 . Memory (MB): peak = 1425.313 ; gain = 0.000
INFO: [Common 17-1381] The checkpoint 'C:/Users/Docencia/Desktop/Reyes-Nieves/VHDL-ALU/project_1.runs/impl_2/ALU_N_Bits_routed.dcp' has been generated.
INFO: [runtcl-4] Executing : report_drc -file ALU_N_Bits_drc_routed.rpt -pb ALU_N_Bits_drc_routed.pb -rpx ALU_N_Bits_drc_routed.rpx
Command: report_drc -file ALU_N_Bits_drc_routed.rpt -pb ALU_N_Bits_drc_routed.pb -rpx ALU_N_Bits_drc_routed.rpx
INFO: [IP_Flow 19-1839] IP Catalog is up to date.
INFO: [DRC 23-27] Running DRC with 2 threads
INFO: [Coretcl 2-168] The results of DRC are in file C:/Users/Docencia/Desktop/Reyes-Nieves/VHDL-ALU/project_1.runs/impl_2/ALU_N_Bits_drc_routed.rpt.
report_drc completed successfully
INFO: [runtcl-4] Executing : report_methodology -file ALU_N_Bits_methodology_drc_routed.rpt -pb ALU_N_Bits_methodology_drc_routed.pb -rpx ALU_N_Bits_methodology_drc_routed.rpx
Command: report_methodology -file ALU_N_Bits_methodology_drc_routed.rpt -pb ALU_N_Bits_methodology_drc_routed.pb -rpx ALU_N_Bits_methodology_drc_routed.rpx
INFO: [Timing 38-35] Done setting XDC timing constraints.
INFO: [DRC 23-133] Running Methodology with 2 threads
INFO: [Coretcl 2-1520] The results of Report Methodology are in file C:/Users/Docencia/Desktop/Reyes-Nieves/VHDL-ALU/project_1.runs/impl_2/ALU_N_Bits_methodology_drc_routed.rpt.
report_methodology completed successfully
INFO: [runtcl-4] Executing : report_power -file ALU_N_Bits_power_routed.rpt -pb ALU_N_Bits_power_summary_routed.pb -rpx ALU_N_Bits_power_routed.rpx
Command: report_power -file ALU_N_Bits_power_routed.rpt -pb ALU_N_Bits_power_summary_routed.pb -rpx ALU_N_Bits_power_routed.rpx
WARNING: [Power 33-232] No user defined clocks were found in the design!
Resolution: Please specify clocks using create_clock/create_generated_clock for sequential elements. For pure combinatorial circuits, please specify a virtual clock, otherwise the vectorless estimation might be inaccurate
INFO: [Timing 38-35] Done setting XDC timing constraints.
Running Vector-less Activity Propagation...

Finished Running Vector-less Activity Propagation
66 Infos, 3 Warnings, 1 Critical Warnings and 0 Errors encountered.
report_power completed successfully
INFO: [runtcl-4] Executing : report_route_status -file ALU_N_Bits_route_status.rpt -pb ALU_N_Bits_route_status.pb
INFO: [runtcl-4] Executing : report_timing_summary -max_paths 10 -file ALU_N_Bits_timing_summary_routed.rpt -pb ALU_N_Bits_timing_summary_routed.pb -rpx ALU_N_Bits_timing_summary_routed.rpx -warn_on_violation 
INFO: [Timing 38-91] UpdateTimingParams: Speed grade: -1, Delay Type: min_max.
INFO: [Timing 38-191] Multithreading enabled for timing update using a maximum of 2 CPUs
WARNING: [Timing 38-313] There are no user specified timing constraints. Timing constraints are needed for proper timing analysis.
INFO: [runtcl-4] Executing : report_incremental_reuse -file ALU_N_Bits_incremental_reuse_routed.rpt
INFO: [Vivado_Tcl 4-1062] Incremental flow is disabled. No incremental reuse Info to report.
INFO: [runtcl-4] Executing : report_clock_utilization -file ALU_N_Bits_clock_utilization_routed.rpt
INFO: [runtcl-4] Executing : report_bus_skew -warn_on_violation -file ALU_N_Bits_bus_skew_routed.rpt -pb ALU_N_Bits_bus_skew_routed.pb -rpx ALU_N_Bits_bus_skew_routed.rpx
INFO: [Timing 38-91] UpdateTimingParams: Speed grade: -1, Delay Type: min_max.
INFO: [Timing 38-191] Multithreading enabled for timing update using a maximum of 2 CPUs
INFO: [Common 17-206] Exiting Vivado at Tue Nov 23 14:46:12 2021...
